C:\Program Files (x86)\Microsoft Visual Studio\2019\Community\MSBuild\Microsoft\VC\v160\Microsoft.CppBuild.targets(491,5): warning MSB8028: The intermediate directory (x64\Debug\) contains files shared from another project (SetData.vcxproj).  This can lead to incorrect clean and rebuild behavior.
  Main.cpp
E:\MSFS_SDK\Samples\SimConnectSamples\SetData\Panel.h(21,2): warning C4091: 'static ': ignored on left of 'LED_COLOR' when no variable is declared
E:\MSFS_SDK\Samples\SimConnectSamples\SetData\Panel.h(50,2): warning C4091: 'static ': ignored on left of 'EVENT_ID' when no variable is declared
E:\MSFS_SDK\Samples\SimConnectSamples\SetData\Panel.h(72,2): warning C4091: 'static ': ignored on left of 'SWITCH_NAME' when no variable is declared
E:\MSFS_SDK\Samples\SimConnectSamples\SetData\Main.cpp(41,2): warning C4091: 'static ': ignored on left of 'DATA_DEFINE_ID' when no variable is declared
E:\MSFS_SDK\Samples\SimConnectSamples\SetData\Main.cpp(75,2): warning C4091: 'static ': ignored on left of 'DATA_REQUEST_ID' when no variable is declared
E:\MSFS_SDK\Samples\SimConnectSamples\SetData\Main.cpp(374,21): warning C4244: 'initializing': conversion from '_Rep' to 'double', possible loss of data
          with
          [
              _Rep=__int64
          ]
  Panel.cpp
E:\MSFS_SDK\Samples\SimConnectSamples\SetData\Panel.h(21,2): warning C4091: 'static ': ignored on left of 'LED_COLOR' when no variable is declared
E:\MSFS_SDK\Samples\SimConnectSamples\SetData\Panel.h(50,2): warning C4091: 'static ': ignored on left of 'EVENT_ID' when no variable is declared
E:\MSFS_SDK\Samples\SimConnectSamples\SetData\Panel.h(72,2): warning C4091: 'static ': ignored on left of 'SWITCH_NAME' when no variable is declared
E:\MSFS_SDK\Samples\SimConnectSamples\SetData\Panel.cpp(52,67): warning C4267: '=': conversion from 'size_t' to 'int', possible loss of data
  Generating Code...
  SetData.vcxproj -> E:\MSFS_SDK\Samples\SimConnectSamples\SetData\x64\Debug\SaitekSwitchPanel.exe
  0 File(s) copied
